<?xml version="1.0" encoding="UTF-8"?>
<!-- Generated by org.testng.reporters.JUnitReportReporter -->
<testsuite hostname="DESKTOP-0PLIB3S" name="test.java.msft.testcases.LoginTestCases" tests="1" failures="0" timestamp="14 Mar 2018 09:10:07 GMT" time="13.468" errors="0">
  <testcase name="testVerfiyhomepagelogo" time="13.468" classname="test.java.msft.testcases.LoginTestCases"/>
</testsuite> <!-- test.java.msft.testcases.LoginTestCases -->
